        -:    0:Source:EapParser.cpp
        -:    0:Graph:./Debug/EapParser.gcno
        -:    0:Data:./Debug/EapParser.gcda
        -:    0:Runs:4
        -:    0:Programs:1
        -:    1:/*
        -:    2: * Copyright (c) 2007, 2008, 2009 Cisco Systems, Inc.  This program contains
        -:    3: * proprietary and confidential information.  All rights reserved except
        -:    4: * as may be permitted by prior written consent.
        -:    5: *
        -:    6: */
        -:    7:
        -:    8:#include "EapParser.h"
        -:    9:#include "EapFramework.h"
        -:   10:
        -:   11:// log helper functions
        -:   12:
        -:   13:// strings for EAP packet codes
        -:   14:const char* EapParser::m_eapCodeStr[] = { "None" , "Request" , "Response" , "Success" , "Failure" };
        -:   15:
        -:   16:
        -:   17:EapParser::EapTypeStr_s EapParser::m_eapTypeStr[] =
        -:   18:{
        -:   19:    { 0,  "Unknown" },
        -:   20:    { 1,  "Identity" },
        -:   21:    { 2,  "Notification" },
        -:   22:    { 3,  "Nak" },
        -:   23:    { 4,  "MD5" },
        -:   24:    { 5,  "OTP" },
        -:   25:    { 6,  "GTC" },
        -:   26:    { 13, "EAP-TLS" },
        -:   27:	{ 17, "LEAP" },
        -:   28:    { 21, "EAP-TTLS" },
        -:   29:	{ 25, "PEAP" },
        -:   30:	{ 26, "EAP-MSCHAP" },
        -:   31:	{ 43, "EAP-FAST" }
        -:   32:};
        -:   33:
    44992:   34:const char* EapParser::logEapType2Str ( int nType ) const
        -:   35:{
    22496:   36:    const char* str = NULL;
        -:   37:
   728928:   38:    for ( unsigned int i = 0 ; i < sizeof(m_eapTypeStr) / sizeof (EapParser::EapTypeStr_s) ; i ++ )
        -:   39:    {
   728928:   40:        if ( m_eapTypeStr[i].m_nType == nType )
        -:   41:        {
    67488:   42:            str = m_eapTypeStr[i].m_pStr;
    67488:   43:            break;
        -:   44:        }
        -:   45:    }
        -:   46:
    67488:   47:    if ( !str )
        -:   48:    {
    #####:   49:        str = m_eapTypeStr[0].m_pStr;
        -:   50:    }
        -:   51:
    67488:   52:    return str;
        -:   53:}
        -:   54:
        -:   55://=====================================================================================
    72744:   56:EapParser::EapParser(int code, Context* ctx) : m_impliedCode (code)
        -:   57:{
    72744:   58:    m_pLoggingContext = ctx;
    72744:   59:    m_nRealLength = 0;
        -:   60:   
    72744:   61:    assert (m_impliedCode == EAP_CODE_RESPONSE || m_impliedCode == EAP_CODE_REQUEST); 
    72744:   62:}
        -:   63:
    36360:   64:EapResponseParser::EapResponseParser(Context* ctx) : EapParser(EAP_CODE_RESPONSE, ctx)
        -:   65:{
    36360:   66:}
        -:   67:
    #####:   68:EapRequestParser::EapRequestParser(Context* ctx) : EapParser(EAP_CODE_REQUEST, ctx)
        -:   69:{
    #####:   70:}
        -:   71:
    34608:   72:bool EapParser::assignAndValidate(IN Bytes_s& packet)
        -:   73:{
    34608:   74:    m_packet.shallowCopy(packet);
        -:   75:
    34608:   76:    bool bResult = false;
        -:   77:
        -:   78:    // size must be at least EAPheader; client must send only response packets
        -:   79:    // type field is always present in response packets
    69216:   80:    if ( (unsigned int)m_packet.m_nSize >= sizeof(EapHeader) && m_packet.m_pData != NULL )
        -:   81:    {
    34608:   82:        EapHeader* h = (EapHeader*)m_packet.m_pData;
    34608:   83:        if ( h->m_nCode == m_impliedCode )
        -:   84:        {
        -:   85:            // store real length; from now we will use only this length instead of packet data size
    34608:   86:            m_nRealLength = ntohs(h->m_nLength);
    34608:   87:            if ( m_nRealLength <= (int)m_packet.m_nSize )
        -:   88:            {
        -:   89:                // validations are ok
    34608:   90:                bResult = true;
        -:   91:            }
        -:   92:            else
        -:   93:            {
    #####:   94:                EAPLOG ( __FILE__, __LINE__, AcsDebugLogAAA::VERBOSE, m_pLoggingContext, "EapParser validation - failed: length specified in the packet is greater then received packet size" );
        -:   95:            }
        -:   96:        }
        -:   97:        else
        -:   98:        {
    #####:   99:            EAPLOG ( __FILE__, __LINE__, AcsDebugLogAAA::VERBOSE, m_pLoggingContext, "EapParser validation - failed: packet code is other then expected: %d", m_impliedCode );
        -:  100:        }
        -:  101:    }
        -:  102:    else
        -:  103:    {
    #####:  104:        EAPLOG ( __FILE__, __LINE__, AcsDebugLogAAA::VERBOSE, m_pLoggingContext, "EapParser validation - failed: packet size less then minimum packet size (5)" );
        -:  105:    }
        -:  106:
    34608:  107:    return bResult;
        -:  108:}
        -:  109:
    62880:  110:int EapParser::type() const
        -:  111:{
    62880:  112:    EapHeader* h = (EapHeader*)m_packet.m_pData;
    62880:  113:    return h->m_nType;
        -:  114:}
        -:  115:
    62904:  116:int EapParser::identifier() const
        -:  117:{
    62904:  118:    EapHeader* h = (EapHeader*)m_packet.m_pData;
    62904:  119:    return h->m_nIdentifier;
        -:  120:}
        -:  121:
    10632:  122:byte_t* EapParser::typeData()
        -:  123:{
        -:  124:    // type data is possible only when packet size
        -:  125:    // don't call this function for packet without specific EAP type data
    10632:  126:    assert((unsigned int)m_nRealLength >= sizeof(EapHeader));
        -:  127:
    10632:  128:    return m_packet.m_pData + sizeof(EapHeader);
        -:  129:}
        -:  130:
    28272:  131:byte_t* EapParser::typeData2()
        -:  132:{
    28272:  133:    if((unsigned int)m_nRealLength > sizeof(EapHeader))
        -:  134:    {
    28272:  135:        return m_packet.m_pData + sizeof(EapHeader);
        -:  136:    }
    #####:  137:    return NULL;
        -:  138:}
        -:  139:
    47784:  140:int EapParser::typeDataSize() const
        -:  141:{
        -:  142:    // specific EAP type data is situated after type field
    47784:  143:    return m_nRealLength - sizeof(EapHeader);
        -:  144:}
        -:  145:
    34608:  146:void EapParser::logPacket () const
        -:  147:{
    34608:  148:    EapHeader* h = (EapHeader*)m_packet.m_pData;
        -:  149:    EAPLOG (__FILE__, __LINE__, AcsDebugLogAAA::INFO, m_pLoggingContext, 
        -:  150:           "EAP: Recv EAP packet, code=%s, identifier=%d, type=%s, length=%u\n", 
    34608:  151:            m_eapCodeStr[h->m_nCode] , h->m_nIdentifier , logEapType2Str(h->m_nType) , m_nRealLength );
    34608:  152:}
        -:  153:
        -:  154://=====================================================================================
     2664:  155:bool EapResponseParser::validateNak()
        -:  156:{
        -:  157:    // packet type must be NAK
     2664:  158:    assert(((EapHeader*)EapParser::m_packet.m_pData)->m_nType == EAP_TYPE_NAK);
        -:  159:
     2664:  160:    bool bResult = false;
        -:  161:
        -:  162:    // there must be one or more suggested types
     2664:  163:    if ( typeDataSize() >= 1 )
        -:  164:    {
     2664:  165:        bResult = true;
        -:  166:    }
        -:  167:    else
        -:  168:    {
    #####:  169:        EAPLOG ( __FILE__, __LINE__, AcsDebugLogAAA::VERBOSE, m_pLoggingContext, "EapResponseParser validation - failed: NAK packet with no suggested EAP types" );
        -:  170:    }
        -:  171:
     2664:  172:    return bResult;
        -:  173:}
        -:  174:
     2664:  175:bool EapResponseParser::isNakSuggestionListEmpty()
        -:  176:{
        -:  177:    // packet type must be NAK
     2664:  178:    assert(((EapHeader*)EapParser::m_packet.m_pData)->m_nType == EAP_TYPE_NAK);
        -:  179:
        -:  180:    // packet size must be already validated
     2664:  181:    assert(typeDataSize() >= 1);
        -:  182:
        -:  183:    // there must be one or more suggested types
        -:  184:    // the suggestions list is considered empty if the first type is zero
     2664:  185:    return ( typeData()[0] == 0 );
        -:  186:
        -:  187:}
        -:  188:
     2664:  189:void EapResponseParser::getNakSuggestionList( Bytes_s& protocolSuggestionList )
        -:  190:{
        -:  191:    // packet type must be NAK
     2664:  192:    assert(((EapHeader*)EapParser::m_packet.m_pData)->m_nType == EAP_TYPE_NAK);
     2664:  193:    assert(typeDataSize() >= 1);
        -:  194:
        -:  195:    // set the list
     2664:  196:    protocolSuggestionList.m_pData = typeData();
     2664:  197:    protocolSuggestionList.m_nSize = typeDataSize();
     2664:  198:}
        -:  199:
        -:  200://=====================================================================================
    36384:  201:EapRequestComposer::EapRequestComposer(Context* ctx) : EapParser(EAP_CODE_REQUEST, ctx)
        -:  202:{
    36384:  203:}
        -:  204:
    #####:  205:EapResponseComposer::EapResponseComposer(Context* ctx) : EapParser(EAP_CODE_RESPONSE, ctx)
        -:  206:{
    #####:  207:}
        -:  208:
     2832:  209:void EapRequestComposer::composeSuccessPacket( int nIndentifier , Bytes_s& requestPacket )
        -:  210:{
     2832:  211:    composeSuccessFailurePacket ( EAP_CODE_SUCCESS , nIndentifier , requestPacket );
     2832:  212:}
        -:  213:
      672:  214:void EapRequestComposer::composeFailurePacket( int nIndentifier , Bytes_s& requestPacket )
        -:  215:{
      672:  216:    composeSuccessFailurePacket ( EAP_CODE_FAILURE , nIndentifier , requestPacket );
      672:  217:}
        -:  218:
     3504:  219:void EapRequestComposer::composeSuccessFailurePacket( EAP_CODE nCode , int nIndentifier , Bytes_s& requestPacket ) const
        -:  220:{
     3504:  221:    int nTotalLength = sizeof(EapHeaderBasic);
        -:  222:
        -:  223:    // allocate buffer for packet and fill packet fields
     3504:  224:    requestPacket.allocate(nTotalLength);
     3504:  225:    EapHeaderBasic* packet = (EapHeaderBasic*)requestPacket.m_pData ;
        -:  226:
     3504:  227:    packet->m_nCode = nCode;
     3504:  228:    packet->m_nIdentifier = nIndentifier;
     3504:  229:    packet->m_nLength = htons(sizeof(EapHeaderBasic));
        -:  230:
     3504:  231:    EAPLOG ( __FILE__, __LINE__, AcsDebugLogAAA::INFO, m_pLoggingContext, "EAP: Send EAP packet, code=%s, identifier=%d, length=%u\n" , m_eapCodeStr[packet->m_nCode] , packet->m_nIdentifier , sizeof(EapHeaderBasic) );
     3504:  232:}
        -:  233:
    31152:  234:void EapParser::composeChallengePacket( int nIndentifier , EapProtocolType nProtocolType , Bytes_s& innerProtocolRequestData , Bytes_s& requestPacket )
        -:  235:{
        -:  236:    // calculate total size of EAP packet = size of EAP packet + size of inner protocol data
    31152:  237:    int nTotalLength = sizeof(EapHeader) + innerProtocolRequestData.m_nSize;
        -:  238:
        -:  239:    // allocate buffer for packet and fill packet fields
    31152:  240:    requestPacket.allocate(nTotalLength);
        -:  241:
    31152:  242:    EapHeader* packet = (EapHeader*)requestPacket.m_pData;
        -:  243:
    31152:  244:    packet->m_nCode = EapParser::m_impliedCode;
    31152:  245:    packet->m_nIdentifier = nIndentifier;
    31152:  246:    packet->m_nLength = htons(nTotalLength);
    31152:  247:    packet->m_nType = nProtocolType;
        -:  248:
        -:  249:    // copy inner protocol data
    31152:  250:    memcpy ( requestPacket.m_pData + sizeof(EapHeader) , innerProtocolRequestData.m_pData , innerProtocolRequestData.m_nSize );
        -:  251:
    31152:  252:    EAPLOG ( __FILE__, __LINE__, AcsDebugLogAAA::INFO, m_pLoggingContext, "EAP: Send EAP packet, code=%s, identifier=%d, type=%s, length=%u\n" , m_eapCodeStr[packet->m_nCode] , packet->m_nIdentifier , logEapType2Str(packet->m_nType) , nTotalLength );
    31152:  253:}
        -:  254:
     1728:  255:void EapRequestComposer::composeIdentityPacket( int nIndentifier , Bytes_s& requestPacket )
        -:  256:{
        -:  257:    // allocate buffer for packet and fill packet fields
     1728:  258:    requestPacket.allocate( sizeof(EapHeader) );
        -:  259:
     1728:  260:    EapHeader* packet = (EapHeader*)requestPacket.m_pData;
     1728:  261:    packet->m_nCode = EAP_CODE_REQUEST;
     1728:  262:    packet->m_nIdentifier = nIndentifier;
     1728:  263:    packet->m_nLength = htons(sizeof(EapHeader));
     1728:  264:    packet->m_nType = EAP_TYPE_IDENTITY;
        -:  265:
     1728:  266:    EAPLOG ( __FILE__, __LINE__, AcsDebugLogAAA::INFO, m_pLoggingContext, "EAP: Send EAP packet, code=%s, identifier=%d, type=%s, length=%u\n" , m_eapCodeStr[packet->m_nCode] , packet->m_nIdentifier , logEapType2Str(packet->m_nType) , sizeof(EapHeader) );
     1728:  267:    EAPDUMP(__FILE__,__LINE__,NULL,"Eap message:",requestPacket.m_pData,requestPacket.m_nSize);
     1728:  268:}
        -:  269:
        -:  270://=====================================================================================
        -:  271:
    #####:  272:bool EapRequestComposer::changeEapSuccessToFailure( OctetBuffer& eapMsg )
        -:  273:{
    #####:  274:    if (eapMsg[0] == EAP_CODE_SUCCESS)
        -:  275:    {
    #####:  276:        eapMsg[0] = EAP_CODE_FAILURE;
    #####:  277:        return true;
        -:  278:    }
        -:  279:
    #####:  280:    return false;
        -:  281:}
        -:  282: